{
  "RSpec": {
    "coverage": {
      "/mnt/c/new_paylav/paylav/app/controllers/reports_controller.rb": {
        "lines": [
          1,
          1,
          1,
          null,
          null,
          null,
          1,
          1,
          null,
          null,
          null,
          null,
          1,
          null,
          null,
          null,
          1,
          1,
          null,
          null,
          null,
          1,
          null,
          null,
          null,
          null,
          1,
          3,
          null,
          3,
          3,
          4,
          2,
          null,
          2,
          1,
          null,
          null,
          null,
          null,
          null,
          null,
          1,
          3,
          3,
          4,
          2,
          null,
          2,
          1,
          null,
          null,
          null,
          null,
          1,
          2,
          2,
          null,
          null,
          null,
          null,
          1,
          2,
          2,
          4,
          2,
          null,
          null,
          null,
          1,
          null,
          1,
          14,
          null,
          null,
          null,
          1,
          6,
          null,
          null
        ]
      },
      "/mnt/c/new_paylav/paylav/app/controllers/application_controller.rb": {
        "lines": [
          1,
          null
        ]
      },
      "/mnt/c/new_paylav/paylav/app/controllers/welcome_controller.rb": {
        "lines": [
          1,
          1,
          null,
          null
        ]
      },
      "/mnt/c/new_paylav/paylav/app/models/report.rb": {
        "lines": [
          1,
          null,
          null,
          null,
          null,
          null,
          null,
          null,
          1,
          null,
          null,
          null,
          null,
          null,
          null,
          1,
          2,
          8,
          null,
          null,
          null,
          null,
          null
        ]
      },
      "/mnt/c/new_paylav/paylav/app/channels/application_cable/channel.rb": {
        "lines": [
          0,
          0,
          0,
          0
        ],
        "branches": {
        }
      },
      "/mnt/c/new_paylav/paylav/app/channels/application_cable/connection.rb": {
        "lines": [
          0,
          0,
          0,
          0
        ],
        "branches": {
        }
      },
      "/mnt/c/new_paylav/paylav/app/jobs/application_job.rb": {
        "lines": [
          0,
          null,
          null,
          null,
          null,
          null,
          0
        ],
        "branches": {
        }
      },
      "/mnt/c/new_paylav/paylav/app/models/application_record.rb": {
        "lines": [
          0,
          0,
          0
        ],
        "branches": {
        }
      },
      "/mnt/c/new_paylav/paylav/app/models/user.rb": {
        "lines": [
          0,
          null,
          null,
          0,
          0,
          0
        ],
        "branches": {
        }
      }
    },
    "timestamp": 1598824053
  }
}
